<?xml version="1.0" encoding="UTF-8"?>
<testng-results ignored="0" total="0" passed="0" failed="0" skipped="0">
  <reporter-output>
  </reporter-output>
  <suite started-at="2022-10-17T19:37:44 IST" name="test_Runner.Login_Test" finished-at="2022-10-17T19:37:44 IST" duration-ms="12">
    <groups>
    </groups>
    <test started-at="2022-10-17T19:37:44 IST" name="Command line test" finished-at="2022-10-17T19:37:44 IST" duration-ms="12">
    </test> <!-- Command line test -->
  </suite> <!-- test_Runner.Login_Test -->
</testng-results>
